{
  "RSpec": {
    "coverage": {
      "/Users/mattsnow/Documents/devpoint/week_5/sushi_testing/config/environment.rb": [
        null,
        1,
        null,
        null,
        1
      ],
      "/Users/mattsnow/Documents/devpoint/week_5/sushi_testing/config/application.rb": [
        1,
        null,
        1,
        null,
        1,
        1,
        1,
        1,
        1,
        1,
        1,
        1,
        null,
        null,
        null,
        null,
        1,
        null,
        1,
        1,
        null,
        1,
        null,
        null,
        null,
        null,
        null,
        null,
        1,
        null,
        null
      ],
      "/Users/mattsnow/Documents/devpoint/week_5/sushi_testing/config/boot.rb": [
        1,
        null,
        1
      ],
      "/Users/mattsnow/Documents/devpoint/week_5/sushi_testing/config/environments/test.rb": [
        1,
        null,
        null,
        null,
        null,
        null,
        null,
        1,
        null,
        null,
        null,
        null,
        1,
        null,
        null,
        1,
        1,
        null,
        null,
        null,
        null,
        1,
        1,
        null,
        null,
        1,
        null,
        null,
        1,
        1,
        null,
        null,
        null,
        null,
        1,
        null,
        null,
        1,
        null,
        null,
        null,
        null
      ],
      "/Users/mattsnow/Documents/devpoint/week_5/sushi_testing/config/initializers/application_controller_renderer.rb": [
        null,
        null,
        null,
        null,
        null,
        null,
        null,
        null
      ],
      "/Users/mattsnow/Documents/devpoint/week_5/sushi_testing/config/initializers/assets.rb": [
        null,
        null,
        null,
        1,
        null,
        null,
        null,
        null,
        1,
        null,
        null,
        null,
        null,
        null
      ],
      "/Users/mattsnow/Documents/devpoint/week_5/sushi_testing/config/initializers/backtrace_silencers.rb": [
        null,
        null,
        null,
        null,
        null,
        null,
        null
      ],
      "/Users/mattsnow/Documents/devpoint/week_5/sushi_testing/config/initializers/cookies_serializer.rb": [
        null,
        null,
        null,
        null,
        1
      ],
      "/Users/mattsnow/Documents/devpoint/week_5/sushi_testing/config/initializers/devise.rb": [
        null,
        null,
        1,
        null,
        null,
        null,
        null,
        null,
        null,
        null,
        null,
        null,
        null,
        null,
        1,
        null,
        null,
        null,
        null,
        null,
        null,
        null,
        null,
        null,
        null,
        null,
        1,
        null,
        null,
        null,
        null,
        null,
        null,
        null,
        null,
        null,
        null,
        null,
        null,
        null,
        null,
        null,
        null,
        null,
        null,
        null,
        null,
        null,
        1,
        null,
        null,
        null,
        null,
        1,
        null,
        null,
        null,
        null,
        null,
        null,
        null,
        null,
        null,
        null,
        null,
        null,
        null,
        null,
        null,
        null,
        null,
        null,
        null,
        null,
        null,
        null,
        null,
        null,
        null,
        null,
        null,
        null,
        null,
        null,
        1,
        null,
        null,
        null,
        null,
        null,
        null,
        null,
        null,
        null,
        null,
        null,
        null,
        null,
        null,
        null,
        null,
        null,
        null,
        null,
        null,
        null,
        null,
        1,
        null,
        null,
        null,
        null,
        null,
        null,
        null,
        null,
        null,
        null,
        null,
        null,
        null,
        null,
        null,
        null,
        null,
        null,
        null,
        null,
        null,
        null,
        null,
        null,
        null,
        null,
        null,
        null,
        null,
        null,
        1,
        null,
        null,
        null,
        null,
        null,
        null,
        null,
        null,
        null,
        1,
        null,
        null,
        null,
        null,
        null,
        null,
        null,
        null,
        null,
        null,
        1,
        null,
        null,
        null,
        null,
        1,
        null,
        null,
        null,
        null,
        null,
        null,
        null,
        null,
        null,
        null,
        null,
        null,
        null,
        null,
        null,
        null,
        null,
        null,
        null,
        null,
        null,
        null,
        null,
        null,
        null,
        null,
        null,
        null,
        null,
        null,
        null,
        null,
        null,
        null,
        null,
        null,
        null,
        null,
        null,
        null,
        1,
        null,
        null,
        null,
        null,
        null,
        null,
        null,
        null,
        null,
        null,
        null,
        null,
        null,
        null,
        null,
        null,
        null,
        null,
        null,
        null,
        null,
        null,
        null,
        null,
        null,
        null,
        null,
        null,
        null,
        null,
        null,
        null,
        null,
        null,
        null,
        null,
        null,
        null,
        null,
        null,
        null,
        1,
        null,
        null,
        null,
        null,
        null,
        null,
        null,
        null,
        null,
        null,
        null,
        null,
        null,
        null,
        null,
        null,
        null,
        null,
        null,
        null,
        null,
        null,
        null,
        null,
        null,
        null,
        null,
        null,
        null
      ],
      "/Users/mattsnow/Documents/devpoint/week_5/sushi_testing/config/initializers/filter_parameter_logging.rb": [
        null,
        null,
        null,
        1
      ],
      "/Users/mattsnow/Documents/devpoint/week_5/sushi_testing/config/initializers/inflections.rb": [
        null,
        null,
        null,
        null,
        null,
        null,
        null,
        null,
        null,
        null,
        null,
        null,
        null,
        null,
        null,
        null
      ],
      "/Users/mattsnow/Documents/devpoint/week_5/sushi_testing/config/initializers/mime_types.rb": [
        null,
        null,
        null,
        null
      ],
      "/Users/mattsnow/Documents/devpoint/week_5/sushi_testing/config/initializers/wrap_parameters.rb": [
        null,
        null,
        null,
        null,
        null,
        null,
        1,
        1,
        null,
        null,
        null,
        null,
        null,
        null
      ],
      "/Users/mattsnow/Documents/devpoint/week_5/sushi_testing/spec/factories/sushi_rolls.rb": [
        1,
        1,
        1,
        1,
        1,
        1,
        null,
        null
      ],
      "/Users/mattsnow/Documents/devpoint/week_5/sushi_testing/spec/factories/users.rb": [
        1,
        1,
        18,
        null,
        null,
        1,
        1,
        1,
        null,
        null
      ],
      "/Users/mattsnow/Documents/devpoint/week_5/sushi_testing/config/routes.rb": [
        1,
        1,
        1,
        1,
        null,
        null,
        null
      ],
      "/Users/mattsnow/Documents/devpoint/week_5/sushi_testing/app/models/user.rb": [
        1,
        null,
        null,
        1,
        null,
        null,
        1,
        null
      ],
      "/Users/mattsnow/Documents/devpoint/week_5/sushi_testing/app/models/application_record.rb": [
        1,
        1,
        null
      ],
      "/Users/mattsnow/Documents/devpoint/week_5/sushi_testing/app/helpers/application_helper.rb": [
        1,
        null
      ],
      "/Users/mattsnow/Documents/devpoint/week_5/sushi_testing/app/helpers/sushi_rolls_helper.rb": [
        1,
        null
      ],
      "/Users/mattsnow/Documents/devpoint/week_5/sushi_testing/spec/support/controller_macros.rb": [
        1,
        1,
        1,
        9,
        9,
        9,
        null,
        null,
        null
      ],
      "/Users/mattsnow/Documents/devpoint/week_5/sushi_testing/app/controllers/sushi_rolls_controller.rb": [
        1,
        1,
        null,
        1,
        1,
        null,
        null,
        1,
        1,
        1,
        null,
        null,
        1,
        2,
        2,
        1,
        null,
        1,
        null,
        null,
        null,
        1,
        1,
        null,
        null,
        1,
        2,
        1,
        null,
        1,
        null,
        null,
        null,
        1,
        2,
        2,
        null,
        null,
        1,
        1,
        5,
        null,
        null,
        1,
        4,
        null,
        null,
        null
      ],
      "/Users/mattsnow/Documents/devpoint/week_5/sushi_testing/app/controllers/application_controller.rb": [
        1,
        1,
        1,
        null
      ],
      "/Users/mattsnow/Documents/devpoint/week_5/sushi_testing/spec/helpers/sushi_rolls_helper_spec.rb": [
        1,
        null,
        null,
        null,
        null,
        null,
        null,
        null,
        null,
        null,
        null,
        null,
        1,
        1,
        null
      ],
      "/Users/mattsnow/Documents/devpoint/week_5/sushi_testing/spec/models/sushi_roll_spec.rb": [
        1,
        null,
        1,
        1,
        2,
        2,
        null,
        null,
        1,
        2,
        null,
        null,
        1,
        1,
        2,
        null,
        1,
        1,
        1,
        null,
        null,
        1,
        1,
        1,
        null,
        null,
        null,
        1,
        1,
        1,
        1,
        1,
        1,
        1,
        null,
        null,
        null,
        1,
        1,
        1,
        1,
        1,
        1,
        1,
        null,
        null,
        null,
        1,
        1,
        1,
        1,
        1,
        1,
        1,
        1,
        1,
        null,
        null,
        null,
        null
      ],
      "/Users/mattsnow/Documents/devpoint/week_5/sushi_testing/app/models/sushi_roll.rb": [
        1,
        1,
        null,
        1,
        null,
        null,
        1,
        2,
        null,
        null,
        null,
        1,
        1,
        null,
        null,
        1,
        1,
        null,
        null,
        1,
        1,
        null,
        null
      ],
      "/Users/mattsnow/Documents/devpoint/week_5/sushi_testing/spec/models/user_spec.rb": [
        1,
        null,
        1,
        1,
        2,
        null,
        null
      ],
      "/Users/mattsnow/Documents/devpoint/week_5/sushi_testing/spec/views/sushi_rolls/edit.html.erb_spec.rb": [
        1,
        null,
        1,
        1,
        null
      ],
      "/Users/mattsnow/Documents/devpoint/week_5/sushi_testing/spec/views/sushi_rolls/index.html.erb_spec.rb": [
        1,
        null,
        1,
        1,
        null
      ],
      "/Users/mattsnow/Documents/devpoint/week_5/sushi_testing/spec/views/sushi_rolls/new.html.erb_spec.rb": [
        1,
        null,
        1,
        1,
        null
      ],
      "/Users/mattsnow/Documents/devpoint/week_5/sushi_testing/spec/views/sushi_rolls/show.html.erb_spec.rb": [
        1,
        null,
        1,
        1,
        null
      ]
    },
    "timestamp": 1505342173
  }
}
